ISim log file
Running: C:\Users\bwiec\Documents\cert_projects\rpi\spi2wishbone\ise\spi2wishbone_tb_isim_beh.exe -intstyle ise -gui -tclbatch isim.cmd -view C:/Users/bwiec/Documents/cert_projects/rpi/spi2wishbone/ise/spi2wishbone_tb.wcfg -wdb C:/Users/bwiec/Documents/cert_projects/rpi/spi2wishbone/ise/spi2wishbone_tb_isim_beh.wdb 
ISim P.40xd (signature 0x7708f090)
----------------------------------------------------------------------
INFO:Security:50 - The XILINXD_LICENSE_FILE environment variable is set to '2001@xcobuild116'.
INFO:Security:52 - The LM_LICENSE_FILE environment variable is set to '1650@ratchet;1650@license2;1650@mayhem;2100@xcobldlic840;C:\xil_licenses'.
WARNING:Security:43 - No license file was found in the standard Xilinx license directory.
WARNING:Security:44 - Since no license file was found,
       please run the Xilinx License Configuration Manager
       (xlcm or "Manage Xilinx Licenses")
       to assist in obtaining a license.
WARNING:Security:42 - Your software subscription period has lapsed. Your current version of Xilinx tools will continue to function, but you no longer qualify for Xilinx software updates or new releases.


----------------------------------------------------------------------
This is a Full version of ISim.
Time resolution is 1 ps
# onerror resume
# run 5 us
Simulator is doing circuit initialization process.
Finished circuit initialization process.
at 212 ns(2), Instance /spi2wishbone_tb/uut/spi_slave_inst/ : Warning: NUMERIC_STD.TO_UNSIGNED: vector truncated
at 220 ns(2), Instance /spi2wishbone_tb/uut/spi_slave_inst/ : Warning: NUMERIC_STD.TO_UNSIGNED: vector truncated
at 228 ns(2), Instance /spi2wishbone_tb/uut/spi_slave_inst/ : Warning: NUMERIC_STD.TO_UNSIGNED: vector truncated
at 236 ns(2), Instance /spi2wishbone_tb/uut/spi_slave_inst/ : Warning: NUMERIC_STD.TO_UNSIGNED: vector truncated
at 244 ns(2), Instance /spi2wishbone_tb/uut/spi_slave_inst/ : Warning: NUMERIC_STD.TO_UNSIGNED: vector truncated
at 252 ns(2), Instance /spi2wishbone_tb/uut/spi_slave_inst/ : Warning: NUMERIC_STD.TO_UNSIGNED: vector truncated
at 260 ns(2), Instance /spi2wishbone_tb/uut/spi_slave_inst/ : Warning: NUMERIC_STD.TO_UNSIGNED: vector truncated
at 268 ns(2), Instance /spi2wishbone_tb/uut/spi_slave_inst/ : Warning: NUMERIC_STD.TO_UNSIGNED: vector truncated
at 276 ns(2), Instance /spi2wishbone_tb/uut/spi_slave_inst/ : Warning: NUMERIC_STD.TO_UNSIGNED: vector truncated
at 284 ns(2), Instance /spi2wishbone_tb/uut/spi_slave_inst/ : Warning: NUMERIC_STD.TO_UNSIGNED: vector truncated
at 292 ns(2), Instance /spi2wishbone_tb/uut/spi_slave_inst/ : Warning: NUMERIC_STD.TO_UNSIGNED: vector truncated
at 300 ns(2), Instance /spi2wishbone_tb/uut/spi_slave_inst/ : Warning: NUMERIC_STD.TO_UNSIGNED: vector truncated
at 308 ns(2), Instance /spi2wishbone_tb/uut/spi_slave_inst/ : Warning: NUMERIC_STD.TO_UNSIGNED: vector truncated
at 316 ns(2), Instance /spi2wishbone_tb/uut/spi_slave_inst/ : Warning: NUMERIC_STD.TO_UNSIGNED: vector truncated
at 324 ns(2), Instance /spi2wishbone_tb/uut/spi_slave_inst/ : Warning: NUMERIC_STD.TO_UNSIGNED: vector truncated
at 332 ns(2), Instance /spi2wishbone_tb/uut/spi_slave_inst/ : Warning: NUMERIC_STD.TO_UNSIGNED: vector truncated
at 340 ns(2), Instance /spi2wishbone_tb/uut/spi_slave_inst/ : Warning: NUMERIC_STD.TO_UNSIGNED: vector truncated
at 508 ns(2), Instance /spi2wishbone_tb/uut/spi_slave_inst/ : Warning: NUMERIC_STD.TO_UNSIGNED: vector truncated
at 516 ns(2), Instance /spi2wishbone_tb/uut/spi_slave_inst/ : Warning: NUMERIC_STD.TO_UNSIGNED: vector truncated
at 524 ns(2), Instance /spi2wishbone_tb/uut/spi_slave_inst/ : Warning: NUMERIC_STD.TO_UNSIGNED: vector truncated
at 532 ns(2), Instance /spi2wishbone_tb/uut/spi_slave_inst/ : Warning: NUMERIC_STD.TO_UNSIGNED: vector truncated
at 540 ns(2), Instance /spi2wishbone_tb/uut/spi_slave_inst/ : Warning: NUMERIC_STD.TO_UNSIGNED: vector truncated
at 548 ns(2), Instance /spi2wishbone_tb/uut/spi_slave_inst/ : Warning: NUMERIC_STD.TO_UNSIGNED: vector truncated
at 556 ns(2), Instance /spi2wishbone_tb/uut/spi_slave_inst/ : Warning: NUMERIC_STD.TO_UNSIGNED: vector truncated
at 564 ns(2), Instance /spi2wishbone_tb/uut/spi_slave_inst/ : Warning: NUMERIC_STD.TO_UNSIGNED: vector truncated
at 572 ns(2), Instance /spi2wishbone_tb/uut/spi_slave_inst/ : Warning: NUMERIC_STD.TO_UNSIGNED: vector truncated
at 580 ns(2), Instance /spi2wishbone_tb/uut/spi_slave_inst/ : Warning: NUMERIC_STD.TO_UNSIGNED: vector truncated
at 588 ns(2), Instance /spi2wishbone_tb/uut/spi_slave_inst/ : Warning: NUMERIC_STD.TO_UNSIGNED: vector truncated
at 596 ns(2), Instance /spi2wishbone_tb/uut/spi_slave_inst/ : Warning: NUMERIC_STD.TO_UNSIGNED: vector truncated
at 604 ns(2), Instance /spi2wishbone_tb/uut/spi_slave_inst/ : Warning: NUMERIC_STD.TO_UNSIGNED: vector truncated
at 612 ns(2), Instance /spi2wishbone_tb/uut/spi_slave_inst/ : Warning: NUMERIC_STD.TO_UNSIGNED: vector truncated
at 620 ns(2), Instance /spi2wishbone_tb/uut/spi_slave_inst/ : Warning: NUMERIC_STD.TO_UNSIGNED: vector truncated
at 628 ns(2), Instance /spi2wishbone_tb/uut/spi_slave_inst/ : Warning: NUMERIC_STD.TO_UNSIGNED: vector truncated
at 636 ns(2), Instance /spi2wishbone_tb/uut/spi_slave_inst/ : Warning: NUMERIC_STD.TO_UNSIGNED: vector truncated
at 804 ns(2), Instance /spi2wishbone_tb/uut/spi_slave_inst/ : Warning: NUMERIC_STD.TO_UNSIGNED: vector truncated
at 812 ns(2), Instance /spi2wishbone_tb/uut/spi_slave_inst/ : Warning: NUMERIC_STD.TO_UNSIGNED: vector truncated
at 820 ns(2), Instance /spi2wishbone_tb/uut/spi_slave_inst/ : Warning: NUMERIC_STD.TO_UNSIGNED: vector truncated
at 828 ns(2), Instance /spi2wishbone_tb/uut/spi_slave_inst/ : Warning: NUMERIC_STD.TO_UNSIGNED: vector truncated
at 836 ns(2), Instance /spi2wishbone_tb/uut/spi_slave_inst/ : Warning: NUMERIC_STD.TO_UNSIGNED: vector truncated
at 844 ns(2), Instance /spi2wishbone_tb/uut/spi_slave_inst/ : Warning: NUMERIC_STD.TO_UNSIGNED: vector truncated
at 852 ns(2), Instance /spi2wishbone_tb/uut/spi_slave_inst/ : Warning: NUMERIC_STD.TO_UNSIGNED: vector truncated
at 860 ns(2), Instance /spi2wishbone_tb/uut/spi_slave_inst/ : Warning: NUMERIC_STD.TO_UNSIGNED: vector truncated
at 868 ns(2), Instance /spi2wishbone_tb/uut/spi_slave_inst/ : Warning: NUMERIC_STD.TO_UNSIGNED: vector truncated
at 876 ns(2), Instance /spi2wishbone_tb/uut/spi_slave_inst/ : Warning: NUMERIC_STD.TO_UNSIGNED: vector truncated
at 884 ns(2), Instance /spi2wishbone_tb/uut/spi_slave_inst/ : Warning: NUMERIC_STD.TO_UNSIGNED: vector truncated
at 892 ns(2), Instance /spi2wishbone_tb/uut/spi_slave_inst/ : Warning: NUMERIC_STD.TO_UNSIGNED: vector truncated
at 900 ns(2), Instance /spi2wishbone_tb/uut/spi_slave_inst/ : Warning: NUMERIC_STD.TO_UNSIGNED: vector truncated
at 908 ns(2), Instance /spi2wishbone_tb/uut/spi_slave_inst/ : Warning: NUMERIC_STD.TO_UNSIGNED: vector truncated
at 916 ns(2), Instance /spi2wishbone_tb/uut/spi_slave_inst/ : Warning: NUMERIC_STD.TO_UNSIGNED: vector truncated
at 924 ns(2), Instance /spi2wishbone_tb/uut/spi_slave_inst/ : Warning: NUMERIC_STD.TO_UNSIGNED: vector truncated
at 932 ns(2), Instance /spi2wishbone_tb/uut/spi_slave_inst/ : Warning: NUMERIC_STD.TO_UNSIGNED: vector truncated
at 1100 ns(2), Instance /spi2wishbone_tb/uut/spi_slave_inst/ : Warning: NUMERIC_STD.TO_UNSIGNED: vector truncated
at 1108 ns(2), Instance /spi2wishbone_tb/uut/spi_slave_inst/ : Warning: NUMERIC_STD.TO_UNSIGNED: vector truncated
at 1116 ns(2), Instance /spi2wishbone_tb/uut/spi_slave_inst/ : Warning: NUMERIC_STD.TO_UNSIGNED: vector truncated
at 1124 ns(2), Instance /spi2wishbone_tb/uut/spi_slave_inst/ : Warning: NUMERIC_STD.TO_UNSIGNED: vector truncated
at 1132 ns(2), Instance /spi2wishbone_tb/uut/spi_slave_inst/ : Warning: NUMERIC_STD.TO_UNSIGNED: vector truncated
at 1140 ns(2), Instance /spi2wishbone_tb/uut/spi_slave_inst/ : Warning: NUMERIC_STD.TO_UNSIGNED: vector truncated
at 1148 ns(2), Instance /spi2wishbone_tb/uut/spi_slave_inst/ : Warning: NUMERIC_STD.TO_UNSIGNED: vector truncated
at 1156 ns(2), Instance /spi2wishbone_tb/uut/spi_slave_inst/ : Warning: NUMERIC_STD.TO_UNSIGNED: vector truncated
at 1164 ns(2), Instance /spi2wishbone_tb/uut/spi_slave_inst/ : Warning: NUMERIC_STD.TO_UNSIGNED: vector truncated
at 1172 ns(2), Instance /spi2wishbone_tb/uut/spi_slave_inst/ : Warning: NUMERIC_STD.TO_UNSIGNED: vector truncated
at 1180 ns(2), Instance /spi2wishbone_tb/uut/spi_slave_inst/ : Warning: NUMERIC_STD.TO_UNSIGNED: vector truncated
at 1188 ns(2), Instance /spi2wishbone_tb/uut/spi_slave_inst/ : Warning: NUMERIC_STD.TO_UNSIGNED: vector truncated
at 1196 ns(2), Instance /spi2wishbone_tb/uut/spi_slave_inst/ : Warning: NUMERIC_STD.TO_UNSIGNED: vector truncated
at 1204 ns(2), Instance /spi2wishbone_tb/uut/spi_slave_inst/ : Warning: NUMERIC_STD.TO_UNSIGNED: vector truncated
at 1212 ns(2), Instance /spi2wishbone_tb/uut/spi_slave_inst/ : Warning: NUMERIC_STD.TO_UNSIGNED: vector truncated
at 1220 ns(2), Instance /spi2wishbone_tb/uut/spi_slave_inst/ : Warning: NUMERIC_STD.TO_UNSIGNED: vector truncated
at 1228 ns(2), Instance /spi2wishbone_tb/uut/spi_slave_inst/ : Warning: NUMERIC_STD.TO_UNSIGNED: vector truncated
at 1396 ns(2), Instance /spi2wishbone_tb/uut/spi_slave_inst/ : Warning: NUMERIC_STD.TO_UNSIGNED: vector truncated
at 1404 ns(2), Instance /spi2wishbone_tb/uut/spi_slave_inst/ : Warning: NUMERIC_STD.TO_UNSIGNED: vector truncated
at 1412 ns(2), Instance /spi2wishbone_tb/uut/spi_slave_inst/ : Warning: NUMERIC_STD.TO_UNSIGNED: vector truncated
at 1420 ns(2), Instance /spi2wishbone_tb/uut/spi_slave_inst/ : Warning: NUMERIC_STD.TO_UNSIGNED: vector truncated
at 1428 ns(2), Instance /spi2wishbone_tb/uut/spi_slave_inst/ : Warning: NUMERIC_STD.TO_UNSIGNED: vector truncated
at 1436 ns(2), Instance /spi2wishbone_tb/uut/spi_slave_inst/ : Warning: NUMERIC_STD.TO_UNSIGNED: vector truncated
at 1444 ns(2), Instance /spi2wishbone_tb/uut/spi_slave_inst/ : Warning: NUMERIC_STD.TO_UNSIGNED: vector truncated
at 1452 ns(2), Instance /spi2wishbone_tb/uut/spi_slave_inst/ : Warning: NUMERIC_STD.TO_UNSIGNED: vector truncated
at 1460 ns(2), Instance /spi2wishbone_tb/uut/spi_slave_inst/ : Warning: NUMERIC_STD.TO_UNSIGNED: vector truncated
at 1468 ns(2), Instance /spi2wishbone_tb/uut/spi_slave_inst/ : Warning: NUMERIC_STD.TO_UNSIGNED: vector truncated
at 1476 ns(2), Instance /spi2wishbone_tb/uut/spi_slave_inst/ : Warning: NUMERIC_STD.TO_UNSIGNED: vector truncated
at 1484 ns(2), Instance /spi2wishbone_tb/uut/spi_slave_inst/ : Warning: NUMERIC_STD.TO_UNSIGNED: vector truncated
at 1492 ns(2), Instance /spi2wishbone_tb/uut/spi_slave_inst/ : Warning: NUMERIC_STD.TO_UNSIGNED: vector truncated
at 1500 ns(2), Instance /spi2wishbone_tb/uut/spi_slave_inst/ : Warning: NUMERIC_STD.TO_UNSIGNED: vector truncated
at 1508 ns(2), Instance /spi2wishbone_tb/uut/spi_slave_inst/ : Warning: NUMERIC_STD.TO_UNSIGNED: vector truncated
at 1516 ns(2), Instance /spi2wishbone_tb/uut/spi_slave_inst/ : Warning: NUMERIC_STD.TO_UNSIGNED: vector truncated
at 1524 ns(2), Instance /spi2wishbone_tb/uut/spi_slave_inst/ : Warning: NUMERIC_STD.TO_UNSIGNED: vector truncated
at 1692 ns(2), Instance /spi2wishbone_tb/uut/spi_slave_inst/ : Warning: NUMERIC_STD.TO_UNSIGNED: vector truncated
at 1700 ns(2), Instance /spi2wishbone_tb/uut/spi_slave_inst/ : Warning: NUMERIC_STD.TO_UNSIGNED: vector truncated
at 1708 ns(2), Instance /spi2wishbone_tb/uut/spi_slave_inst/ : Warning: NUMERIC_STD.TO_UNSIGNED: vector truncated
at 1716 ns(2), Instance /spi2wishbone_tb/uut/spi_slave_inst/ : Warning: NUMERIC_STD.TO_UNSIGNED: vector truncated
at 1724 ns(2), Instance /spi2wishbone_tb/uut/spi_slave_inst/ : Warning: NUMERIC_STD.TO_UNSIGNED: vector truncated
at 1732 ns(2), Instance /spi2wishbone_tb/uut/spi_slave_inst/ : Warning: NUMERIC_STD.TO_UNSIGNED: vector truncated
at 1740 ns(2), Instance /spi2wishbone_tb/uut/spi_slave_inst/ : Warning: NUMERIC_STD.TO_UNSIGNED: vector truncated
at 1748 ns(2), Instance /spi2wishbone_tb/uut/spi_slave_inst/ : Warning: NUMERIC_STD.TO_UNSIGNED: vector truncated
at 1756 ns(2), Instance /spi2wishbone_tb/uut/spi_slave_inst/ : Warning: NUMERIC_STD.TO_UNSIGNED: vector truncated
at 1764 ns(2), Instance /spi2wishbone_tb/uut/spi_slave_inst/ : Warning: NUMERIC_STD.TO_UNSIGNED: vector truncated
at 1772 ns(2), Instance /spi2wishbone_tb/uut/spi_slave_inst/ : Warning: NUMERIC_STD.TO_UNSIGNED: vector truncated
at 1780 ns(2), Instance /spi2wishbone_tb/uut/spi_slave_inst/ : Warning: NUMERIC_STD.TO_UNSIGNED: vector truncated
at 1788 ns(2), Instance /spi2wishbone_tb/uut/spi_slave_inst/ : Warning: NUMERIC_STD.TO_UNSIGNED: vector truncated
at 1796 ns(2), Instance /spi2wishbone_tb/uut/spi_slave_inst/ : Warning: NUMERIC_STD.TO_UNSIGNED: vector truncated
at 1804 ns(2), Instance /spi2wishbone_tb/uut/spi_slave_inst/ : Warning: NUMERIC_STD.TO_UNSIGNED: vector truncated
at 1812 ns(2), Instance /spi2wishbone_tb/uut/spi_slave_inst/ : Warning: NUMERIC_STD.TO_UNSIGNED: vector truncated
at 1820 ns(2), Instance /spi2wishbone_tb/uut/spi_slave_inst/ : Warning: NUMERIC_STD.TO_UNSIGNED: vector truncated
at 1988 ns(2), Instance /spi2wishbone_tb/uut/spi_slave_inst/ : Warning: NUMERIC_STD.TO_UNSIGNED: vector truncated
at 1996 ns(2), Instance /spi2wishbone_tb/uut/spi_slave_inst/ : Warning: NUMERIC_STD.TO_UNSIGNED: vector truncated
at 2004 ns(2), Instance /spi2wishbone_tb/uut/spi_slave_inst/ : Warning: NUMERIC_STD.TO_UNSIGNED: vector truncated
at 2012 ns(2), Instance /spi2wishbone_tb/uut/spi_slave_inst/ : Warning: NUMERIC_STD.TO_UNSIGNED: vector truncated
at 2020 ns(2), Instance /spi2wishbone_tb/uut/spi_slave_inst/ : Warning: NUMERIC_STD.TO_UNSIGNED: vector truncated
at 2028 ns(2), Instance /spi2wishbone_tb/uut/spi_slave_inst/ : Warning: NUMERIC_STD.TO_UNSIGNED: vector truncated
at 2036 ns(2), Instance /spi2wishbone_tb/uut/spi_slave_inst/ : Warning: NUMERIC_STD.TO_UNSIGNED: vector truncated
at 2044 ns(2), Instance /spi2wishbone_tb/uut/spi_slave_inst/ : Warning: NUMERIC_STD.TO_UNSIGNED: vector truncated
at 2052 ns(2), Instance /spi2wishbone_tb/uut/spi_slave_inst/ : Warning: NUMERIC_STD.TO_UNSIGNED: vector truncated
at 2060 ns(2), Instance /spi2wishbone_tb/uut/spi_slave_inst/ : Warning: NUMERIC_STD.TO_UNSIGNED: vector truncated
at 2068 ns(2), Instance /spi2wishbone_tb/uut/spi_slave_inst/ : Warning: NUMERIC_STD.TO_UNSIGNED: vector truncated
at 2076 ns(2), Instance /spi2wishbone_tb/uut/spi_slave_inst/ : Warning: NUMERIC_STD.TO_UNSIGNED: vector truncated
at 2084 ns(2), Instance /spi2wishbone_tb/uut/spi_slave_inst/ : Warning: NUMERIC_STD.TO_UNSIGNED: vector truncated
at 2092 ns(2), Instance /spi2wishbone_tb/uut/spi_slave_inst/ : Warning: NUMERIC_STD.TO_UNSIGNED: vector truncated
at 2100 ns(2), Instance /spi2wishbone_tb/uut/spi_slave_inst/ : Warning: NUMERIC_STD.TO_UNSIGNED: vector truncated
at 2108 ns(2), Instance /spi2wishbone_tb/uut/spi_slave_inst/ : Warning: NUMERIC_STD.TO_UNSIGNED: vector truncated
at 2116 ns(2), Instance /spi2wishbone_tb/uut/spi_slave_inst/ : Warning: NUMERIC_STD.TO_UNSIGNED: vector truncated
at 2284 ns(2), Instance /spi2wishbone_tb/uut/spi_slave_inst/ : Warning: NUMERIC_STD.TO_UNSIGNED: vector truncated
at 2292 ns(2), Instance /spi2wishbone_tb/uut/spi_slave_inst/ : Warning: NUMERIC_STD.TO_UNSIGNED: vector truncated
at 2300 ns(2), Instance /spi2wishbone_tb/uut/spi_slave_inst/ : Warning: NUMERIC_STD.TO_UNSIGNED: vector truncated
at 2308 ns(2), Instance /spi2wishbone_tb/uut/spi_slave_inst/ : Warning: NUMERIC_STD.TO_UNSIGNED: vector truncated
at 2316 ns(2), Instance /spi2wishbone_tb/uut/spi_slave_inst/ : Warning: NUMERIC_STD.TO_UNSIGNED: vector truncated
at 2324 ns(2), Instance /spi2wishbone_tb/uut/spi_slave_inst/ : Warning: NUMERIC_STD.TO_UNSIGNED: vector truncated
at 2332 ns(2), Instance /spi2wishbone_tb/uut/spi_slave_inst/ : Warning: NUMERIC_STD.TO_UNSIGNED: vector truncated
at 2340 ns(2), Instance /spi2wishbone_tb/uut/spi_slave_inst/ : Warning: NUMERIC_STD.TO_UNSIGNED: vector truncated
at 2348 ns(2), Instance /spi2wishbone_tb/uut/spi_slave_inst/ : Warning: NUMERIC_STD.TO_UNSIGNED: vector truncated
at 2356 ns(2), Instance /spi2wishbone_tb/uut/spi_slave_inst/ : Warning: NUMERIC_STD.TO_UNSIGNED: vector truncated
at 2364 ns(2), Instance /spi2wishbone_tb/uut/spi_slave_inst/ : Warning: NUMERIC_STD.TO_UNSIGNED: vector truncated
at 2372 ns(2), Instance /spi2wishbone_tb/uut/spi_slave_inst/ : Warning: NUMERIC_STD.TO_UNSIGNED: vector truncated
at 2380 ns(2), Instance /spi2wishbone_tb/uut/spi_slave_inst/ : Warning: NUMERIC_STD.TO_UNSIGNED: vector truncated
at 2388 ns(2), Instance /spi2wishbone_tb/uut/spi_slave_inst/ : Warning: NUMERIC_STD.TO_UNSIGNED: vector truncated
at 2396 ns(2), Instance /spi2wishbone_tb/uut/spi_slave_inst/ : Warning: NUMERIC_STD.TO_UNSIGNED: vector truncated
at 2404 ns(2), Instance /spi2wishbone_tb/uut/spi_slave_inst/ : Warning: NUMERIC_STD.TO_UNSIGNED: vector truncated
at 2412 ns(2), Instance /spi2wishbone_tb/uut/spi_slave_inst/ : Warning: NUMERIC_STD.TO_UNSIGNED: vector truncated
at 2580 ns(2), Instance /spi2wishbone_tb/uut/spi_slave_inst/ : Warning: NUMERIC_STD.TO_UNSIGNED: vector truncated
at 2588 ns(2), Instance /spi2wishbone_tb/uut/spi_slave_inst/ : Warning: NUMERIC_STD.TO_UNSIGNED: vector truncated
at 2596 ns(2), Instance /spi2wishbone_tb/uut/spi_slave_inst/ : Warning: NUMERIC_STD.TO_UNSIGNED: vector truncated
at 2604 ns(2), Instance /spi2wishbone_tb/uut/spi_slave_inst/ : Warning: NUMERIC_STD.TO_UNSIGNED: vector truncated
at 2612 ns(2), Instance /spi2wishbone_tb/uut/spi_slave_inst/ : Warning: NUMERIC_STD.TO_UNSIGNED: vector truncated
at 2620 ns(2), Instance /spi2wishbone_tb/uut/spi_slave_inst/ : Warning: NUMERIC_STD.TO_UNSIGNED: vector truncated
at 2628 ns(2), Instance /spi2wishbone_tb/uut/spi_slave_inst/ : Warning: NUMERIC_STD.TO_UNSIGNED: vector truncated
at 2636 ns(2), Instance /spi2wishbone_tb/uut/spi_slave_inst/ : Warning: NUMERIC_STD.TO_UNSIGNED: vector truncated
at 2644 ns(2), Instance /spi2wishbone_tb/uut/spi_slave_inst/ : Warning: NUMERIC_STD.TO_UNSIGNED: vector truncated
at 2652 ns(2), Instance /spi2wishbone_tb/uut/spi_slave_inst/ : Warning: NUMERIC_STD.TO_UNSIGNED: vector truncated
at 2660 ns(2), Instance /spi2wishbone_tb/uut/spi_slave_inst/ : Warning: NUMERIC_STD.TO_UNSIGNED: vector truncated
at 2668 ns(2), Instance /spi2wishbone_tb/uut/spi_slave_inst/ : Warning: NUMERIC_STD.TO_UNSIGNED: vector truncated
at 2676 ns(2), Instance /spi2wishbone_tb/uut/spi_slave_inst/ : Warning: NUMERIC_STD.TO_UNSIGNED: vector truncated
at 2684 ns(2), Instance /spi2wishbone_tb/uut/spi_slave_inst/ : Warning: NUMERIC_STD.TO_UNSIGNED: vector truncated
at 2692 ns(2), Instance /spi2wishbone_tb/uut/spi_slave_inst/ : Warning: NUMERIC_STD.TO_UNSIGNED: vector truncated
at 2700 ns(2), Instance /spi2wishbone_tb/uut/spi_slave_inst/ : Warning: NUMERIC_STD.TO_UNSIGNED: vector truncated
at 2708 ns(2), Instance /spi2wishbone_tb/uut/spi_slave_inst/ : Warning: NUMERIC_STD.TO_UNSIGNED: vector truncated
at 2876 ns(2), Instance /spi2wishbone_tb/uut/spi_slave_inst/ : Warning: NUMERIC_STD.TO_UNSIGNED: vector truncated
at 2884 ns(2), Instance /spi2wishbone_tb/uut/spi_slave_inst/ : Warning: NUMERIC_STD.TO_UNSIGNED: vector truncated
at 2892 ns(2), Instance /spi2wishbone_tb/uut/spi_slave_inst/ : Warning: NUMERIC_STD.TO_UNSIGNED: vector truncated
at 2900 ns(2), Instance /spi2wishbone_tb/uut/spi_slave_inst/ : Warning: NUMERIC_STD.TO_UNSIGNED: vector truncated
at 2908 ns(2), Instance /spi2wishbone_tb/uut/spi_slave_inst/ : Warning: NUMERIC_STD.TO_UNSIGNED: vector truncated
at 2916 ns(2), Instance /spi2wishbone_tb/uut/spi_slave_inst/ : Warning: NUMERIC_STD.TO_UNSIGNED: vector truncated
at 2924 ns(2), Instance /spi2wishbone_tb/uut/spi_slave_inst/ : Warning: NUMERIC_STD.TO_UNSIGNED: vector truncated
at 2932 ns(2), Instance /spi2wishbone_tb/uut/spi_slave_inst/ : Warning: NUMERIC_STD.TO_UNSIGNED: vector truncated
at 2940 ns(2), Instance /spi2wishbone_tb/uut/spi_slave_inst/ : Warning: NUMERIC_STD.TO_UNSIGNED: vector truncated
at 2948 ns(2), Instance /spi2wishbone_tb/uut/spi_slave_inst/ : Warning: NUMERIC_STD.TO_UNSIGNED: vector truncated
at 2956 ns(2), Instance /spi2wishbone_tb/uut/spi_slave_inst/ : Warning: NUMERIC_STD.TO_UNSIGNED: vector truncated
at 2964 ns(2), Instance /spi2wishbone_tb/uut/spi_slave_inst/ : Warning: NUMERIC_STD.TO_UNSIGNED: vector truncated
at 2972 ns(2), Instance /spi2wishbone_tb/uut/spi_slave_inst/ : Warning: NUMERIC_STD.TO_UNSIGNED: vector truncated
at 2980 ns(2), Instance /spi2wishbone_tb/uut/spi_slave_inst/ : Warning: NUMERIC_STD.TO_UNSIGNED: vector truncated
at 2988 ns(2), Instance /spi2wishbone_tb/uut/spi_slave_inst/ : Warning: NUMERIC_STD.TO_UNSIGNED: vector truncated
at 2996 ns(2), Instance /spi2wishbone_tb/uut/spi_slave_inst/ : Warning: NUMERIC_STD.TO_UNSIGNED: vector truncated
at 3004 ns(2), Instance /spi2wishbone_tb/uut/spi_slave_inst/ : Warning: NUMERIC_STD.TO_UNSIGNED: vector truncated
at 3172 ns(2), Instance /spi2wishbone_tb/uut/spi_slave_inst/ : Warning: NUMERIC_STD.TO_UNSIGNED: vector truncated
at 3180 ns(2), Instance /spi2wishbone_tb/uut/spi_slave_inst/ : Warning: NUMERIC_STD.TO_UNSIGNED: vector truncated
at 3188 ns(2), Instance /spi2wishbone_tb/uut/spi_slave_inst/ : Warning: NUMERIC_STD.TO_UNSIGNED: vector truncated
at 3196 ns(2), Instance /spi2wishbone_tb/uut/spi_slave_inst/ : Warning: NUMERIC_STD.TO_UNSIGNED: vector truncated
at 3204 ns(2), Instance /spi2wishbone_tb/uut/spi_slave_inst/ : Warning: NUMERIC_STD.TO_UNSIGNED: vector truncated
at 3212 ns(2), Instance /spi2wishbone_tb/uut/spi_slave_inst/ : Warning: NUMERIC_STD.TO_UNSIGNED: vector truncated
at 3220 ns(2), Instance /spi2wishbone_tb/uut/spi_slave_inst/ : Warning: NUMERIC_STD.TO_UNSIGNED: vector truncated
at 3228 ns(2), Instance /spi2wishbone_tb/uut/spi_slave_inst/ : Warning: NUMERIC_STD.TO_UNSIGNED: vector truncated
at 3236 ns(2), Instance /spi2wishbone_tb/uut/spi_slave_inst/ : Warning: NUMERIC_STD.TO_UNSIGNED: vector truncated
at 3244 ns(2), Instance /spi2wishbone_tb/uut/spi_slave_inst/ : Warning: NUMERIC_STD.TO_UNSIGNED: vector truncated
at 3252 ns(2), Instance /spi2wishbone_tb/uut/spi_slave_inst/ : Warning: NUMERIC_STD.TO_UNSIGNED: vector truncated
at 3260 ns(2), Instance /spi2wishbone_tb/uut/spi_slave_inst/ : Warning: NUMERIC_STD.TO_UNSIGNED: vector truncated
at 3268 ns(2), Instance /spi2wishbone_tb/uut/spi_slave_inst/ : Warning: NUMERIC_STD.TO_UNSIGNED: vector truncated
at 3276 ns(2), Instance /spi2wishbone_tb/uut/spi_slave_inst/ : Warning: NUMERIC_STD.TO_UNSIGNED: vector truncated
at 3284 ns(2), Instance /spi2wishbone_tb/uut/spi_slave_inst/ : Warning: NUMERIC_STD.TO_UNSIGNED: vector truncated
at 3292 ns(2), Instance /spi2wishbone_tb/uut/spi_slave_inst/ : Warning: NUMERIC_STD.TO_UNSIGNED: vector truncated
at 3300 ns(2), Instance /spi2wishbone_tb/uut/spi_slave_inst/ : Warning: NUMERIC_STD.TO_UNSIGNED: vector truncated
at 3468 ns(2), Instance /spi2wishbone_tb/uut/spi_slave_inst/ : Warning: NUMERIC_STD.TO_UNSIGNED: vector truncated
at 3476 ns(2), Instance /spi2wishbone_tb/uut/spi_slave_inst/ : Warning: NUMERIC_STD.TO_UNSIGNED: vector truncated
at 3484 ns(2), Instance /spi2wishbone_tb/uut/spi_slave_inst/ : Warning: NUMERIC_STD.TO_UNSIGNED: vector truncated
at 3492 ns(2), Instance /spi2wishbone_tb/uut/spi_slave_inst/ : Warning: NUMERIC_STD.TO_UNSIGNED: vector truncated
at 3500 ns(2), Instance /spi2wishbone_tb/uut/spi_slave_inst/ : Warning: NUMERIC_STD.TO_UNSIGNED: vector truncated
at 3508 ns(2), Instance /spi2wishbone_tb/uut/spi_slave_inst/ : Warning: NUMERIC_STD.TO_UNSIGNED: vector truncated
at 3516 ns(2), Instance /spi2wishbone_tb/uut/spi_slave_inst/ : Warning: NUMERIC_STD.TO_UNSIGNED: vector truncated
at 3524 ns(2), Instance /spi2wishbone_tb/uut/spi_slave_inst/ : Warning: NUMERIC_STD.TO_UNSIGNED: vector truncated
at 3532 ns(2), Instance /spi2wishbone_tb/uut/spi_slave_inst/ : Warning: NUMERIC_STD.TO_UNSIGNED: vector truncated
at 3540 ns(2), Instance /spi2wishbone_tb/uut/spi_slave_inst/ : Warning: NUMERIC_STD.TO_UNSIGNED: vector truncated
at 3548 ns(2), Instance /spi2wishbone_tb/uut/spi_slave_inst/ : Warning: NUMERIC_STD.TO_UNSIGNED: vector truncated
at 3556 ns(2), Instance /spi2wishbone_tb/uut/spi_slave_inst/ : Warning: NUMERIC_STD.TO_UNSIGNED: vector truncated
at 3564 ns(2), Instance /spi2wishbone_tb/uut/spi_slave_inst/ : Warning: NUMERIC_STD.TO_UNSIGNED: vector truncated
at 3572 ns(2), Instance /spi2wishbone_tb/uut/spi_slave_inst/ : Warning: NUMERIC_STD.TO_UNSIGNED: vector truncated
at 3580 ns(2), Instance /spi2wishbone_tb/uut/spi_slave_inst/ : Warning: NUMERIC_STD.TO_UNSIGNED: vector truncated
at 3588 ns(2), Instance /spi2wishbone_tb/uut/spi_slave_inst/ : Warning: NUMERIC_STD.TO_UNSIGNED: vector truncated
at 3596 ns(2), Instance /spi2wishbone_tb/uut/spi_slave_inst/ : Warning: NUMERIC_STD.TO_UNSIGNED: vector truncated
at 3764 ns(2), Instance /spi2wishbone_tb/uut/spi_slave_inst/ : Warning: NUMERIC_STD.TO_UNSIGNED: vector truncated
at 3772 ns(2), Instance /spi2wishbone_tb/uut/spi_slave_inst/ : Warning: NUMERIC_STD.TO_UNSIGNED: vector truncated
at 3780 ns(2), Instance /spi2wishbone_tb/uut/spi_slave_inst/ : Warning: NUMERIC_STD.TO_UNSIGNED: vector truncated
at 3788 ns(2), Instance /spi2wishbone_tb/uut/spi_slave_inst/ : Warning: NUMERIC_STD.TO_UNSIGNED: vector truncated
at 3796 ns(2), Instance /spi2wishbone_tb/uut/spi_slave_inst/ : Warning: NUMERIC_STD.TO_UNSIGNED: vector truncated
at 3804 ns(2), Instance /spi2wishbone_tb/uut/spi_slave_inst/ : Warning: NUMERIC_STD.TO_UNSIGNED: vector truncated
at 3812 ns(2), Instance /spi2wishbone_tb/uut/spi_slave_inst/ : Warning: NUMERIC_STD.TO_UNSIGNED: vector truncated
at 3820 ns(2), Instance /spi2wishbone_tb/uut/spi_slave_inst/ : Warning: NUMERIC_STD.TO_UNSIGNED: vector truncated
at 3828 ns(2), Instance /spi2wishbone_tb/uut/spi_slave_inst/ : Warning: NUMERIC_STD.TO_UNSIGNED: vector truncated
at 3836 ns(2), Instance /spi2wishbone_tb/uut/spi_slave_inst/ : Warning: NUMERIC_STD.TO_UNSIGNED: vector truncated
at 3844 ns(2), Instance /spi2wishbone_tb/uut/spi_slave_inst/ : Warning: NUMERIC_STD.TO_UNSIGNED: vector truncated
at 3852 ns(2), Instance /spi2wishbone_tb/uut/spi_slave_inst/ : Warning: NUMERIC_STD.TO_UNSIGNED: vector truncated
at 3860 ns(2), Instance /spi2wishbone_tb/uut/spi_slave_inst/ : Warning: NUMERIC_STD.TO_UNSIGNED: vector truncated
at 3868 ns(2), Instance /spi2wishbone_tb/uut/spi_slave_inst/ : Warning: NUMERIC_STD.TO_UNSIGNED: vector truncated
at 3876 ns(2), Instance /spi2wishbone_tb/uut/spi_slave_inst/ : Warning: NUMERIC_STD.TO_UNSIGNED: vector truncated
at 3884 ns(2), Instance /spi2wishbone_tb/uut/spi_slave_inst/ : Warning: NUMERIC_STD.TO_UNSIGNED: vector truncated
at 3892 ns(2), Instance /spi2wishbone_tb/uut/spi_slave_inst/ : Warning: NUMERIC_STD.TO_UNSIGNED: vector truncated
at 4060 ns(2), Instance /spi2wishbone_tb/uut/spi_slave_inst/ : Warning: NUMERIC_STD.TO_UNSIGNED: vector truncated
at 4068 ns(2), Instance /spi2wishbone_tb/uut/spi_slave_inst/ : Warning: NUMERIC_STD.TO_UNSIGNED: vector truncated
at 4076 ns(2), Instance /spi2wishbone_tb/uut/spi_slave_inst/ : Warning: NUMERIC_STD.TO_UNSIGNED: vector truncated
at 4084 ns(2), Instance /spi2wishbone_tb/uut/spi_slave_inst/ : Warning: NUMERIC_STD.TO_UNSIGNED: vector truncated
at 4092 ns(2), Instance /spi2wishbone_tb/uut/spi_slave_inst/ : Warning: NUMERIC_STD.TO_UNSIGNED: vector truncated
at 4100 ns(2), Instance /spi2wishbone_tb/uut/spi_slave_inst/ : Warning: NUMERIC_STD.TO_UNSIGNED: vector truncated
at 4108 ns(2), Instance /spi2wishbone_tb/uut/spi_slave_inst/ : Warning: NUMERIC_STD.TO_UNSIGNED: vector truncated
at 4116 ns(2), Instance /spi2wishbone_tb/uut/spi_slave_inst/ : Warning: NUMERIC_STD.TO_UNSIGNED: vector truncated
at 4124 ns(2), Instance /spi2wishbone_tb/uut/spi_slave_inst/ : Warning: NUMERIC_STD.TO_UNSIGNED: vector truncated
at 4132 ns(2), Instance /spi2wishbone_tb/uut/spi_slave_inst/ : Warning: NUMERIC_STD.TO_UNSIGNED: vector truncated
at 4140 ns(2), Instance /spi2wishbone_tb/uut/spi_slave_inst/ : Warning: NUMERIC_STD.TO_UNSIGNED: vector truncated
at 4148 ns(2), Instance /spi2wishbone_tb/uut/spi_slave_inst/ : Warning: NUMERIC_STD.TO_UNSIGNED: vector truncated
at 4156 ns(2), Instance /spi2wishbone_tb/uut/spi_slave_inst/ : Warning: NUMERIC_STD.TO_UNSIGNED: vector truncated
at 4164 ns(2), Instance /spi2wishbone_tb/uut/spi_slave_inst/ : Warning: NUMERIC_STD.TO_UNSIGNED: vector truncated
at 4172 ns(2), Instance /spi2wishbone_tb/uut/spi_slave_inst/ : Warning: NUMERIC_STD.TO_UNSIGNED: vector truncated
at 4180 ns(2), Instance /spi2wishbone_tb/uut/spi_slave_inst/ : Warning: NUMERIC_STD.TO_UNSIGNED: vector truncated
at 4188 ns(2), Instance /spi2wishbone_tb/uut/spi_slave_inst/ : Warning: NUMERIC_STD.TO_UNSIGNED: vector truncated
at 4356 ns(2), Instance /spi2wishbone_tb/uut/spi_slave_inst/ : Warning: NUMERIC_STD.TO_UNSIGNED: vector truncated
at 4364 ns(2), Instance /spi2wishbone_tb/uut/spi_slave_inst/ : Warning: NUMERIC_STD.TO_UNSIGNED: vector truncated
at 4372 ns(2), Instance /spi2wishbone_tb/uut/spi_slave_inst/ : Warning: NUMERIC_STD.TO_UNSIGNED: vector truncated
at 4380 ns(2), Instance /spi2wishbone_tb/uut/spi_slave_inst/ : Warning: NUMERIC_STD.TO_UNSIGNED: vector truncated
at 4388 ns(2), Instance /spi2wishbone_tb/uut/spi_slave_inst/ : Warning: NUMERIC_STD.TO_UNSIGNED: vector truncated
at 4396 ns(2), Instance /spi2wishbone_tb/uut/spi_slave_inst/ : Warning: NUMERIC_STD.TO_UNSIGNED: vector truncated
at 4404 ns(2), Instance /spi2wishbone_tb/uut/spi_slave_inst/ : Warning: NUMERIC_STD.TO_UNSIGNED: vector truncated
at 4412 ns(2), Instance /spi2wishbone_tb/uut/spi_slave_inst/ : Warning: NUMERIC_STD.TO_UNSIGNED: vector truncated
at 4420 ns(2), Instance /spi2wishbone_tb/uut/spi_slave_inst/ : Warning: NUMERIC_STD.TO_UNSIGNED: vector truncated
at 4428 ns(2), Instance /spi2wishbone_tb/uut/spi_slave_inst/ : Warning: NUMERIC_STD.TO_UNSIGNED: vector truncated
at 4436 ns(2), Instance /spi2wishbone_tb/uut/spi_slave_inst/ : Warning: NUMERIC_STD.TO_UNSIGNED: vector truncated
at 4444 ns(2), Instance /spi2wishbone_tb/uut/spi_slave_inst/ : Warning: NUMERIC_STD.TO_UNSIGNED: vector truncated
at 4452 ns(2), Instance /spi2wishbone_tb/uut/spi_slave_inst/ : Warning: NUMERIC_STD.TO_UNSIGNED: vector truncated
at 4460 ns(2), Instance /spi2wishbone_tb/uut/spi_slave_inst/ : Warning: NUMERIC_STD.TO_UNSIGNED: vector truncated
at 4468 ns(2), Instance /spi2wishbone_tb/uut/spi_slave_inst/ : Warning: NUMERIC_STD.TO_UNSIGNED: vector truncated
at 4476 ns(2), Instance /spi2wishbone_tb/uut/spi_slave_inst/ : Warning: NUMERIC_STD.TO_UNSIGNED: vector truncated
at 4484 ns(2), Instance /spi2wishbone_tb/uut/spi_slave_inst/ : Warning: NUMERIC_STD.TO_UNSIGNED: vector truncated
at 4652 ns(2), Instance /spi2wishbone_tb/uut/spi_slave_inst/ : Warning: NUMERIC_STD.TO_UNSIGNED: vector truncated
at 4660 ns(2), Instance /spi2wishbone_tb/uut/spi_slave_inst/ : Warning: NUMERIC_STD.TO_UNSIGNED: vector truncated
at 4668 ns(2), Instance /spi2wishbone_tb/uut/spi_slave_inst/ : Warning: NUMERIC_STD.TO_UNSIGNED: vector truncated
at 4676 ns(2), Instance /spi2wishbone_tb/uut/spi_slave_inst/ : Warning: NUMERIC_STD.TO_UNSIGNED: vector truncated
at 4684 ns(2), Instance /spi2wishbone_tb/uut/spi_slave_inst/ : Warning: NUMERIC_STD.TO_UNSIGNED: vector truncated
at 4692 ns(2), Instance /spi2wishbone_tb/uut/spi_slave_inst/ : Warning: NUMERIC_STD.TO_UNSIGNED: vector truncated
at 4700 ns(2), Instance /spi2wishbone_tb/uut/spi_slave_inst/ : Warning: NUMERIC_STD.TO_UNSIGNED: vector truncated
at 4708 ns(2), Instance /spi2wishbone_tb/uut/spi_slave_inst/ : Warning: NUMERIC_STD.TO_UNSIGNED: vector truncated
at 4716 ns(2), Instance /spi2wishbone_tb/uut/spi_slave_inst/ : Warning: NUMERIC_STD.TO_UNSIGNED: vector truncated
at 4724 ns(2), Instance /spi2wishbone_tb/uut/spi_slave_inst/ : Warning: NUMERIC_STD.TO_UNSIGNED: vector truncated
at 4732 ns(2), Instance /spi2wishbone_tb/uut/spi_slave_inst/ : Warning: NUMERIC_STD.TO_UNSIGNED: vector truncated
at 4740 ns(2), Instance /spi2wishbone_tb/uut/spi_slave_inst/ : Warning: NUMERIC_STD.TO_UNSIGNED: vector truncated
at 4748 ns(2), Instance /spi2wishbone_tb/uut/spi_slave_inst/ : Warning: NUMERIC_STD.TO_UNSIGNED: vector truncated
at 4756 ns(2), Instance /spi2wishbone_tb/uut/spi_slave_inst/ : Warning: NUMERIC_STD.TO_UNSIGNED: vector truncated
at 4764 ns(2), Instance /spi2wishbone_tb/uut/spi_slave_inst/ : Warning: NUMERIC_STD.TO_UNSIGNED: vector truncated
at 4772 ns(2), Instance /spi2wishbone_tb/uut/spi_slave_inst/ : Warning: NUMERIC_STD.TO_UNSIGNED: vector truncated
at 4780 ns(2), Instance /spi2wishbone_tb/uut/spi_slave_inst/ : Warning: NUMERIC_STD.TO_UNSIGNED: vector truncated
